<?xml version="1.0" encoding="utf-8"?><testsuites name="pytest tests"><testsuite name="pytest" errors="0" failures="0" skipped="0" tests="113" time="3.423" timestamp="2026-09-01T08:03:29.673761+00:00" hostname="cb50f8c071af"><testcase classname="tests.test_b200_feature_scores" name="test_latency_anchor_score_uses_log_interpolation" time="0.000" /><testcase classname="tests.test_b200_feature_scores" name="test_phase1_summary_scores_core_scheduler_and_keeps_fabric_na" time="0.000" /><testcase classname="tests.test_blackwell" name="test_blackwell_contract_freezes_targets_namespaces_and_preview" time="0.000" /><testcase classname="tests.test_blackwell" name="test_blackwell_feature_pack_matches_the_code_contract" time="0.000" /><testcase classname="tests.test_blackwell" name="test_ptx_parser_ignores_comments_and_extracts_entry_body" time="0.000" /><testcase classname="tests.test_blackwell" name="test_native_sm100_is_static_only_without_dynamic_evidence" time="0.007" /><testcase classname="tests.test_blackwell" name="test_native_sm100_certifies_bound_dynamic_evidence" time="0.010" /><testcase classname="tests.test_blackwell" name="test_native_sm100_rejects_dead_code_wrong_target_and_fallback" time="0.013" /><testcase classname="tests.test_blackwell" name="test_b200_capability_probe_is_fail_closed_and_schema_valid" time="0.202" /><testcase classname="tests.test_blackwell" name="test_cuda_release_and_b200_query_parsing" time="0.000" /><testcase classname="tests.test_blackwell" name="test_summary_never_turns_evidence_coverage_into_a_performance_score" time="0.001" /><testcase classname="tests.test_deployability" name="test_v04_task_contract_is_coherent_and_forbids_post_hoc_formula_changes" time="0.000" /><testcase classname="tests.test_deployability" name="test_three_replays_are_diagnostic_but_five_are_official" time="0.000" /><testcase classname="tests.test_deployability" name="test_concurrency_hard_failure_is_not_compensated" time="0.000" /><testcase classname="tests.test_deployability" name="test_reuse_scores_runtime_variants_and_rejects_silent_fallback" time="0.000" /><testcase classname="tests.test_deployability" name="test_memory_efficiency_penalizes_traffic_amplification" time="0.000" /><testcase classname="tests.test_deployability" name="test_missing_counter_is_unresolved_not_zero" time="0.000" /><testcase classname="tests.test_deployability" name="test_deployability_uses_frozen_geometric_formula_and_component_floors" time="0.000" /><testcase classname="tests.test_deployability" name="test_failed_certification_nulls_deployability_and_sets_effective_zero" time="0.000" /><testcase classname="tests.test_deployability" name="test_component_status_cannot_smuggle_zero_for_na_or_unresolved" time="0.000" /><testcase classname="tests.test_docker" name="test_docker_executor_selects_requested_gpu_subset" time="0.000" /><testcase classname="tests.test_docker" name="test_docker_executor_rejects_invalid_gpu_subset[gpu0]" time="0.000" /><testcase classname="tests.test_docker" name="test_docker_executor_rejects_invalid_gpu_subset[0,0]" time="0.000" /><testcase classname="tests.test_docker" name="test_docker_executor_rejects_invalid_gpu_subset[0]" time="0.000" /><testcase classname="tests.test_gb10" name="test_gb10_contract_separates_sm121_from_sm100_and_roce" time="0.000" /><testcase classname="tests.test_gb10" name="test_gb10_probe_is_fail_closed_and_schema_valid" time="0.356" /><testcase classname="tests.test_gb10" name="test_gb10_probe_reads_normalized_runtime_attributes" time="0.001" /><testcase classname="tests.test_gb10" name="test_sm121_native_verifier_binds_static_dynamic_and_capability" time="0.005" /><testcase classname="tests.test_gb10" name="test_sm121_verifier_rejects_sm100_tcgen05_and_accepts_blockscale_shape" time="0.005" /><testcase classname="tests.test_gb10" name="test_gb10_summary_defers_all_conflicting_scoring_to_v04" time="0.001" /><testcase classname="tests.test_hardware" name="test_hardware_profile_checks_topology_and_compute_capability" time="0.000" /><testcase classname="tests.test_hardware" name="test_hardware_profile_can_lease_a_gpu_subset" time="0.000" /><testcase classname="tests.test_hardware" name="test_mi300x_profile_checks_vendor_architecture_model_and_runtime" time="0.000" /><testcase classname="tests.test_hardware" name="test_mi300x_profile_rejects_wrong_rocm_minor" time="0.000" /><testcase classname="tests.test_hardware" name="test_rocm_smi_and_rocminfo_are_normalized_to_generic_accelerator" time="0.001" /><testcase classname="tests.test_hardware" name="test_nvidia_toolkit_version_is_normalized_for_compiler_profiles" time="0.000" /><testcase classname="tests.test_hardware" name="test_nvidia_unified_memory_capacity_is_unknown_not_zero" time="0.000" /><testcase classname="tests.test_hardware" name="test_b200_cuda133_profile_checks_full_compiler_cell" time="0.000" /><testcase classname="tests.test_io" name="test_tree_digest_is_order_stable_and_ignores_python_cache" time="0.003" /><testcase classname="tests.test_kernel_results" name="test_assemble_suite_scores_library_and_micro_cases" time="0.221" /><testcase classname="tests.test_kernel_results" name="test_missing_calibration_replay_invalidates_cell_scores" time="0.000" /><testcase classname="tests.test_kernel_results" name="test_micro_cases_remain_independent_when_one_has_no_headroom" time="0.202" /><testcase classname="tests.test_kernel_results" name="test_architecture_eligibility_is_explicit" time="0.000" /><testcase classname="tests.test_kernel_results" name="test_gfx942_rocm61_eligibility_is_exact_stack_and_fail_closed" time="0.000" /><testcase classname="tests.test_kernel_results" name="test_mi300x_hardware_cell_uses_vendor_architecture_and_rocm_driver" time="0.000" /><testcase classname="tests.test_kernel_results" name="test_legacy_nvidia_hardware_identity_remains_byte_shape_compatible" time="0.000" /><testcase classname="tests.test_kernel_results" name="test_mi300x_aotriton_native_trace_can_certify" time="0.200" /><testcase classname="tests.test_kernel_results" name="test_mi300x_report_renders_rocm_architecture_without_cuda_labels" time="0.206" /><testcase classname="tests.test_kernel_results" name="test_wrong_native_kernel_is_effective_zero" time="0.169" /><testcase classname="tests.test_kernel_results" name="test_declared_fa_fallback_without_flash_trace_is_invalid" time="0.167" /><testcase classname="tests.test_kernel_results" name="test_correct_but_slow_kernel_receives_low_score" time="0.171" /><testcase classname="tests.test_kernel_scoring" name="test_anchor_score_keeps_baseline_and_anchor_semantics" time="0.000" /><testcase classname="tests.test_kernel_scoring" name="test_anchor_guard_does_not_clip_beyond_anchor" time="0.000" /><testcase classname="tests.test_kernel_scoring" name="test_anchor_guard_rejects_cell_without_headroom" time="0.000" /><testcase classname="tests.test_kernel_scoring" name="test_role_authority_is_single_and_score_is_exclusive" time="0.000" /><testcase classname="tests.test_kernel_scoring" name="test_aggregator_accepts_execution_nonce_drift" time="0.000" /><testcase classname="tests.test_kernel_scoring" name="test_aggregator_rejects_stable_identity_drift" time="0.000" /><testcase classname="tests.test_kernel_scoring" name="test_aggregator_fails_closed_on_role_grid_mutation[duplicate-EVIDENCE_DUPLICATE_ROLE_INSTANCE]" time="0.000" /><testcase classname="tests.test_kernel_scoring" name="test_aggregator_fails_closed_on_role_grid_mutation[missing-EVIDENCE_REQUIRED_ROLE_MISSING]" time="0.000" /><testcase classname="tests.test_kernel_scoring" name="test_aggregator_fails_closed_on_role_grid_mutation[unexpected-EVIDENCE_UNEXPECTED_ROLE_INSTANCE]" time="0.000" /><testcase classname="tests.test_kernel_scoring" name="test_valid_candidate_gate_failure_has_effective_zero" time="0.000" /><testcase classname="tests.test_kernel_scoring" name="test_advisory_result_cannot_enter_scorer_dependency" time="0.000" /><testcase classname="tests.test_kernel_scoring" name="test_role_result_seal_detects_mutation" time="0.000" /><testcase classname="tests.test_kernel_scoring" name="test_role_graph_rejects_cycle_and_advisory_score_path" time="0.000" /><testcase classname="tests.test_kernel_scoring" name="test_paired_estimator_is_reciprocal_and_bootstrap_is_deterministic" time="0.001" /><testcase classname="tests.test_kernel_scoring" name="test_portfolio_requires_exact_normalized_case_weights" time="0.000" /><testcase classname="tests.test_profiler_v04" name="test_native_framework_collector_is_na_not_zero" time="0.000" /><testcase classname="tests.test_profiler_v04" name="test_missing_counter_collector_is_unresolved_not_zero" time="0.000" /><testcase classname="tests.test_profiler_v04" name="test_captured_collectors_require_raw_evidence_and_digests" time="0.000" /><testcase classname="tests.test_profiler_v04" name="test_profiler_schema_forbids_authoritative_profiled_latency" time="0.000" /><testcase classname="tests.test_profiler_v04" name="test_request_samples_and_p99_minimum_are_machine_validated" time="0.000" /><testcase classname="tests.test_rocm_lease_guard" name="test_rocm_lease_guard_extracts_nested_process_ids" time="0.001" /><testcase classname="tests.test_runner" name="test_oracle_passes_three_fresh_replays" time="0.318" /><testcase classname="tests.test_runner" name="test_noop_proves_base_failure_is_not_vacuous" time="0.270" /><testcase classname="tests.test_runner" name="test_agent_manifest_detects_tampering" time="0.251" /><testcase classname="tests.test_runner" name="test_agent_context_does_not_expose_hidden_package" time="0.233" /><testcase classname="tests.test_schema_freshness" name="test_checked_in_protocol_schemas_match_models" time="0.071" /><testcase classname="tests.test_scoring" name="test_infra_extension_weights_match_protocol" time="0.000" /><testcase classname="tests.test_scoring" name="test_infra_extension_is_not_peak_throughput_only" time="0.000" /><testcase classname="tests.test_task" name="test_kernel_v03_task_envelope_is_coherent" time="0.000" /><testcase classname="tests.test_task" name="test_kernel_v03_task_rejects_identity_or_lease_drift[path0-False-exclusive GPU lease]" time="0.000" /><testcase classname="tests.test_task" name="test_kernel_v03_task_rejects_identity_or_lease_drift[path1-enabled-MPS disabled]" time="0.000" /><testcase classname="tests.test_task" name="test_kernel_v03_task_rejects_identity_or_lease_drift[path2-2-fresh_replays]" time="0.000" /><testcase classname="tests.test_task" name="test_kernel_v03_task_rejects_identity_or_lease_drift[path3-kernel-library-match task.kind]" time="0.000" /><testcase classname="tests.test_task" name="test_rollout_task_layout_is_complete" time="0.001" /><testcase classname="tests.test_task" name="test_package_dir_is_not_part_of_public_schema" time="0.006" /><testcase classname="tests.test_task" name="test_nccl_oracle_is_conservative_for_missing_or_asymmetric_p2p" time="0.017" /><testcase classname="tests.test_task" name="test_kv_routing_oracle_is_stable_available_and_capacity_bounded" time="0.016" /><testcase classname="tests.test_task" name="test_cuda_artifact_oracle_prefers_compatible_native_and_fails_closed" time="0.016" /><testcase classname="tests.test_task" name="test_cpu_batch_task_layouts_are_complete[container-image-dependency-lock]" time="0.001" /><testcase classname="tests.test_task" name="test_cpu_batch_task_layouts_are_complete[gpu-resource-request-contract]" time="0.001" /><testcase classname="tests.test_task" name="test_cpu_batch_task_layouts_are_complete[health-probe-drain-regression]" time="0.001" /><testcase classname="tests.test_task" name="test_cpu_batch_task_layouts_are_complete[telemetry-root-cause-correlation]" time="0.001" /><testcase classname="tests.test_task" name="test_image_lock_oracle_rejects_mutable_first_candidate" time="0.016" /><testcase classname="tests.test_task" name="test_gpu_admission_oracle_rejects_missing_request" time="0.016" /><testcase classname="tests.test_task" name="test_health_drain_oracle_preserves_capacity_and_grace" time="0.015" /><testcase classname="tests.test_task" name="test_telemetry_oracle_uses_three_modalities" time="0.016" /><testcase classname="tests.test_task" name="test_one_gpu_batch_task_layouts_are_complete[cuda-extension-arch-target]" time="0.001" /><testcase classname="tests.test_task" name="test_one_gpu_batch_task_layouts_are_complete[dynamic-batching-slo-collapse]" time="0.001" /><testcase classname="tests.test_task" name="test_one_gpu_batch_task_layouts_are_complete[numa-cpu-affinity-regression]" time="0.001" /><testcase classname="tests.test_task" name="test_one_gpu_batch_task_layouts_are_complete[gpu-oom-worker-recovery]" time="0.000" /><testcase classname="tests.test_task" name="test_cuda_arch_oracle_targets_every_visible_supported_sm" time="0.015" /><testcase classname="tests.test_task" name="test_dynamic_batching_oracle_is_order_independent_and_model_isolated" time="0.016" /><testcase classname="tests.test_task" name="test_numa_affinity_oracle_intersects_local_allowed_and_non_reserved_cpus" time="0.016" /><testcase classname="tests.test_task" name="test_gpu_oom_oracle_retries_smaller_then_quarantines" time="0.016" /><testcase classname="tests.test_task" name="test_two_gpu_batch_task_layouts_are_complete[tensor-parallel-shard-contract]" time="0.001" /><testcase classname="tests.test_task" name="test_two_gpu_batch_task_layouts_are_complete[collective-order-rank-divergence]" time="0.001" /><testcase classname="tests.test_task" name="test_two_gpu_batch_task_layouts_are_complete[collective-compute-overlap-regression]" time="0.001" /><testcase classname="tests.test_task" name="test_two_gpu_batch_task_layouts_are_complete[rank-exit-collective-recovery]" time="0.000" /><testcase classname="tests.test_task" name="test_tp_shard_oracle_covers_row_column_and_replicated_parameters" time="0.016" /><testcase classname="tests.test_task" name="test_collective_order_oracle_canonicalizes_and_blocks_metadata_mismatch" time="0.016" /><testcase classname="tests.test_task" name="test_overlap_oracle_requires_async_event_fenced_comm_stream" time="0.016" /><testcase classname="tests.test_task" name="test_rank_exit_oracle_restarts_full_group_then_exhausts_budget" time="0.016" /></testsuite></testsuites>